<?xml version="1.0" encoding="UTF-8"?>
<!-- Generated by org.testng.reporters.JUnitReportReporter -->
<testsuite hostname="LAPTOP-T931C74M" failures="0" tests="1" name="Assertion_Package.AssertionDemo" time="23.283" errors="0" timestamp="2022-10-14T11:42:28 EDT" skipped="0">
  <testcase classname="Assertion_Package.AssertionDemo" name="testMethod" time="23.283"/>
  <system-out/>
</testsuite> <!-- Assertion_Package.AssertionDemo -->
