<?xml version="1.0" encoding="UTF-8"?>
<!-- Generated by org.testng.reporters.JUnitReportReporter -->
<testsuite hostname="LAPTOP-T931C74M" failures="0" tests="1" name="TestNg.PizzaHutCom_Test" time="3.375" errors="0" timestamp="2022-10-13T22:05:37 EDT" skipped="0">
  <testcase classname="TestNg.PizzaHutCom_Test" name="f" time="3.375"/>
  <system-out/>
</testsuite> <!-- TestNg.PizzaHutCom_Test -->
