<?xml version="1.0" encoding="UTF-8"?>
<!-- Generated by org.testng.reporters.JUnitReportReporter -->
<testsuite hostname="LAPTOP-T931C74M" failures="0" tests="1" name="TestNg.PizzaTest" time="0.131" errors="0" timestamp="2022-10-11T20:07:04 EDT" skipped="0">
  <testcase classname="TestNg.PizzaTest" name="f" time="0.131"/>
  <system-out/>
</testsuite> <!-- TestNg.PizzaTest -->
