<?xml version="1.0" encoding="UTF-8"?>
<!-- Generated by org.testng.reporters.JUnitReportReporter -->
<testsuite hostname="LAPTOP-T931C74M" failures="0" tests="1" name="TestNg.NewTestSession" time="12.402" errors="0" timestamp="2022-10-15T13:44:24 EDT" skipped="0">
  <testcase classname="TestNg.NewTestSession" name="f" time="12.402"/>
  <system-out/>
</testsuite> <!-- TestNg.NewTestSession -->
