<?xml version="1.0" encoding="UTF-8"?>
<!-- Generated by org.testng.reporters.JUnitReportReporter -->
<testsuite hostname="LAPTOP-T931C74M" failures="0" tests="1" name="TestNg.NewTestSection" time="0.009" errors="0" timestamp="2022-10-12T11:07:11 EDT" skipped="0">
  <testcase classname="TestNg.NewTestSection" name="f" time="0.009"/>
  <system-out/>
</testsuite> <!-- TestNg.NewTestSection -->
