<?xml version="1.0" encoding="UTF-8"?>
<!-- Generated by org.testng.reporters.JUnitReportReporter -->
<testsuite hostname="LAPTOP-T931C74M" failures="0" tests="2" name="TestNg.Amazon_PagesTest" time="16.836" errors="0" timestamp="2022-10-15T13:44:24 EDT" skipped="0">
  <testcase classname="TestNg.Amazon_PagesTest" name="SearchFiledVerification" time="8.625"/>
  <system-out/>
  <testcase classname="TestNg.Amazon_PagesTest" name="f" time="8.211"/>
  <system-out/>
</testsuite> <!-- TestNg.Amazon_PagesTest -->
